#-----------------------------------------------------------
# Vivado v2018.3 (64-bit)
# SW Build 2405991 on Thu Dec  6 23:38:27 MST 2018
# IP Build 2404404 on Fri Dec  7 01:43:56 MST 2018
# Start of session at: Tue Apr 12 13:58:08 2022
# Process ID: 1492
# Current directory: G:/VC707/top_enps/top_enps
# Command line: vivado.exe -gui_launcher_event rodinguilauncherevent2232 G:\VC707\top_enps\top_enps\top_enps.xpr
# Log file: G:/VC707/top_enps/top_enps/vivado.log
# Journal file: G:/VC707/top_enps/top_enps\vivado.jou
#-----------------------------------------------------------
start_gui
open_project G:/VC707/top_enps/top_enps/top_enps.xpr
Scanning sources...
Finished scanning sources
INFO: [IP_Flow 19-234] Refreshing IP repositories
INFO: [IP_Flow 19-1704] No user IP repositories specified
INFO: [IP_Flow 19-2313] Loaded Vivado IP repository 'D:/Xilinx/Vivado/2018.3/data/ip'.
open_project: Time (s): cpu = 00:00:18 ; elapsed = 00:00:16 . Memory (MB): peak = 791.590 ; gain = 187.102
update_compile_order -fileset sources_1
update_compile_order -fileset sources_1
update_compile_order -fileset sources_1
reset_run synth_1
launch_runs impl_1 -to_step write_bitstream -jobs 4
[Tue Apr 12 14:27:33 2022] Launched synth_1...
Run output will be captured here: G:/VC707/top_enps/top_enps/top_enps.runs/synth_1/runme.log
[Tue Apr 12 14:27:33 2022] Launched impl_1...
Run output will be captured here: G:/VC707/top_enps/top_enps/top_enps.runs/impl_1/runme.log
write_cfgmem  -format mcs -size 128 -interface BPIx16 -loadbit {up 0x00000000 "G:/VC707/top_enps/top_enps/top_enps.runs/impl_1/top_enps.bit" } -file "G:/VC707/top_enps/top_enps/top_enps.runs/impl_1/top_enps_412flash"
Command: write_cfgmem -format mcs -size 128 -interface BPIx16 -loadbit {up 0x00000000 "G:/VC707/top_enps/top_enps/top_enps.runs/impl_1/top_enps.bit" } -file G:/VC707/top_enps/top_enps/top_enps.runs/impl_1/top_enps_412flash
Creating config memory files...
INFO: [Writecfgmem 68-23] Start address provided has been multiplied by a factor of 2 due to the use of interface BPIX16.
Creating bitstream load up from address 0x00000000
Loading bitfile G:/VC707/top_enps/top_enps/top_enps.runs/impl_1/top_enps.bit
Writing file G:/VC707/top_enps/top_enps/top_enps.runs/impl_1/top_enps_412flash.mcs
Writing log file G:/VC707/top_enps/top_enps/top_enps.runs/impl_1/top_enps_412flash.prm
===================================
Configuration Memory information
===================================
File Format        MCS
Interface          BPIX16
Size               128M
Start Address      0x00000000
End Address        0x07FFFFFF

Addr1         Addr2         Date                    File(s)
0x00000000    0x0135591B    Apr 12 14:31:34 2022    G:/VC707/top_enps/top_enps/top_enps.runs/impl_1/top_enps.bit
1 Infos, 0 Warnings, 0 Critical Warnings and 0 Errors encountered.
write_cfgmem completed successfully
write_cfgmem: Time (s): cpu = 00:00:17 ; elapsed = 00:00:17 . Memory (MB): peak = 2052.715 ; gain = 198.352
open_hw
connect_hw_server
INFO: [Labtools 27-2285] Connecting to hw_server url TCP:localhost:3121
INFO: [Labtools 27-2222] Launching hw_server...
INFO: [Labtools 27-2221] Launch Output:

****** Xilinx hw_server v2018.3
  **** Build date : Dec  7 2018-00:40:27
    ** Copyright 1986-2018 Xilinx, Inc. All Rights Reserved.


disconnect_hw_server localhost:3121
connect_hw_server
INFO: [Labtools 27-2285] Connecting to hw_server url TCP:localhost:3121
open_hw_target
INFO: [Labtoolstcl 44-466] Opening hw_target localhost:3121/xilinx_tcf/Digilent/210249A14E25
set_property PROGRAM.FILE {G:/VC707/top_enps/top_enps/top_enps.runs/impl_1/top_enps.bit} [get_hw_devices xc7vx485t_0]
current_hw_device [get_hw_devices xc7vx485t_0]
refresh_hw_device -update_hw_probes false [lindex [get_hw_devices xc7vx485t_0] 0]
INFO: [Labtools 27-1434] Device xc7vx485t (JTAG device index = 0) is programmed with a design that has no supported debug core(s) in it.
create_hw_cfgmem -hw_device [get_hw_devices xc7vx485t_0] -mem_dev [lindex [get_cfgmem_parts {mt28gu01gaax1e-bpi-x16}] 0]
set_property PROGRAM.ADDRESS_RANGE  {use_file} [ get_property PROGRAM.HW_CFGMEM [lindex [get_hw_devices xc7vx485t_0] 0]]
set_property PROGRAM.FILES [list "G:/VC707/top_enps/top_enps/top_enps.runs/impl_1/top_enps_412flash.mcs" ] [ get_property PROGRAM.HW_CFGMEM [lindex [get_hw_devices xc7vx485t_0] 0]]
set_property PROGRAM.BPI_RS_PINS {none} [ get_property PROGRAM.HW_CFGMEM [lindex [get_hw_devices xc7vx485t_0] 0]]
set_property PROGRAM.UNUSED_PIN_TERMINATION {pull-none} [ get_property PROGRAM.HW_CFGMEM [lindex [get_hw_devices xc7vx485t_0] 0]]
set_property PROGRAM.BLANK_CHECK  0 [ get_property PROGRAM.HW_CFGMEM [lindex [get_hw_devices xc7vx485t_0] 0]]
set_property PROGRAM.ERASE  1 [ get_property PROGRAM.HW_CFGMEM [lindex [get_hw_devices xc7vx485t_0] 0]]
set_property PROGRAM.CFG_PROGRAM  1 [ get_property PROGRAM.HW_CFGMEM [lindex [get_hw_devices xc7vx485t_0] 0]]
set_property PROGRAM.VERIFY  1 [ get_property PROGRAM.HW_CFGMEM [lindex [get_hw_devices xc7vx485t_0] 0]]
set_property PROGRAM.CHECKSUM  0 [ get_property PROGRAM.HW_CFGMEM [lindex [get_hw_devices xc7vx485t_0] 0]]
set_property PROGRAM.PRM_FILES [list "G:/VC707/top_enps/top_enps/top_enps.runs/impl_1/top_enps_412flash.prm" ] [ get_property PROGRAM.HW_CFGMEM [lindex [get_hw_devices xc7vx485t_0] 0]]
set_property PROGRAM.ADDRESS_RANGE  {use_file} [ get_property PROGRAM.HW_CFGMEM [lindex [get_hw_devices xc7vx485t_0] 0]]
set_property PROGRAM.FILES [list "G:/VC707/top_enps/top_enps/top_enps.runs/impl_1/top_enps_412flash.mcs" ] [ get_property PROGRAM.HW_CFGMEM [lindex [get_hw_devices xc7vx485t_0] 0]]
set_property PROGRAM.PRM_FILE {G:/VC707/top_enps/top_enps/top_enps.runs/impl_1/top_enps_412flash.prm} [ get_property PROGRAM.HW_CFGMEM [lindex [get_hw_devices xc7vx485t_0] 0]]
set_property PROGRAM.BPI_RS_PINS {none} [ get_property PROGRAM.HW_CFGMEM [lindex [get_hw_devices xc7vx485t_0] 0]]
set_property PROGRAM.UNUSED_PIN_TERMINATION {pull-none} [ get_property PROGRAM.HW_CFGMEM [lindex [get_hw_devices xc7vx485t_0] 0]]
set_property PROGRAM.BLANK_CHECK  0 [ get_property PROGRAM.HW_CFGMEM [lindex [get_hw_devices xc7vx485t_0] 0]]
set_property PROGRAM.ERASE  1 [ get_property PROGRAM.HW_CFGMEM [lindex [get_hw_devices xc7vx485t_0] 0]]
set_property PROGRAM.CFG_PROGRAM  1 [ get_property PROGRAM.HW_CFGMEM [lindex [get_hw_devices xc7vx485t_0] 0]]
set_property PROGRAM.VERIFY  1 [ get_property PROGRAM.HW_CFGMEM [lindex [get_hw_devices xc7vx485t_0] 0]]
set_property PROGRAM.CHECKSUM  0 [ get_property PROGRAM.HW_CFGMEM [lindex [get_hw_devices xc7vx485t_0] 0]]
startgroup 
create_hw_bitstream -hw_device [lindex [get_hw_devices xc7vx485t_0] 0] [get_property PROGRAM.HW_CFGMEM_BITFILE [ lindex [get_hw_devices xc7vx485t_0] 0]]; program_hw_devices [lindex [get_hw_devices xc7vx485t_0] 0]; refresh_hw_device [lindex [get_hw_devices xc7vx485t_0] 0];
INFO: [Labtools 27-3164] End of startup status: HIGH
INFO: [Labtools 27-2302] Device xc7vx485t (JTAG device index = 0) is programmed with a design that has 1 BPI core(s).
program_hw_cfgmem -hw_cfgmem [ get_property PROGRAM.HW_CFGMEM [lindex [get_hw_devices xc7vx485t_0] 0]]
Mfg ID : 89   Memory Type : 88b0   Memory Capacity : 0   Device ID 1 : 0   Device ID 2 : 0
Performing Erase Operation...
Erase Operation successful.
Performing Program and Verify Operations...
Program/Verify Operation successful.
INFO: [Labtoolstcl 44-377] Flash programming completed successfully
program_hw_cfgmem: Time (s): cpu = 00:00:09 ; elapsed = 00:03:40 . Memory (MB): peak = 2052.715 ; gain = 0.000
endgroup
ERROR: [Labtoolstcl 44-513] HW Target shutdown. Closing target: localhost:3121/xilinx_tcf/Digilent/210249A14E25
INFO: [Labtoolstcl 44-466] Opening hw_target localhost:3121/xilinx_tcf/Digilent/210249A14E25
INFO: [Labtools 27-1435] Device xc7vx485t (JTAG device index = 0) is not programmed (DONE status = 0).
WARNING: [Labtoolstcl 44-129] No matching hw_ila_data was found.
ERROR: [Labtoolstcl 44-513] HW Target shutdown. Closing target: localhost:3121/xilinx_tcf/Digilent/210249A14E25
open_run synth_1 -name synth_1
Design is defaulting to impl run constrset: constrs_1
Design is defaulting to synth run part: xc7vx485tffg1761-2
INFO: [Project 1-454] Reading design checkpoint 'g:/VC707/top_enps/top_enps/top_enps.srcs/sources_1/ip/clk_wiz_0/clk_wiz_0.dcp' for cell 'clk_wiz_0_i'
INFO: [Netlist 29-17] Analyzing 63 Unisim elements for replacement
INFO: [Netlist 29-28] Unisim Transformation completed in 0 CPU seconds
INFO: [Project 1-479] Netlist was created with Vivado 2018.3
INFO: [Device 21-403] Loading part xc7vx485tffg1761-2
INFO: [Project 1-570] Preparing netlist for logic optimization
WARNING: [Opt 31-35] Removing redundant IBUF, clk_wiz_0_i/inst/clkin1_ibufg, from the path connected to top-level port: sys_clk_p 
Resolution: The tool has removed redundant IBUF. To resolve this warning, check for redundant IBUF in the input design.
WARNING: [Constraints 18-550] Could not create 'IBUF_LOW_PWR' constraint because net 'clk_wiz_0_i/clk_in1' is not directly connected to top level port. Synthesis is ignored for IBUF_LOW_PWR but preserved for implementation.
Parsing XDC File [g:/VC707/top_enps/top_enps/top_enps.srcs/sources_1/ip/clk_wiz_0/clk_wiz_0_board.xdc] for cell 'clk_wiz_0_i/inst'
Finished Parsing XDC File [g:/VC707/top_enps/top_enps/top_enps.srcs/sources_1/ip/clk_wiz_0/clk_wiz_0_board.xdc] for cell 'clk_wiz_0_i/inst'
Parsing XDC File [g:/VC707/top_enps/top_enps/top_enps.srcs/sources_1/ip/clk_wiz_0/clk_wiz_0.xdc] for cell 'clk_wiz_0_i/inst'
INFO: [Timing 38-35] Done setting XDC timing constraints. [g:/VC707/top_enps/top_enps/top_enps.srcs/sources_1/ip/clk_wiz_0/clk_wiz_0.xdc:57]
INFO: [Timing 38-2] Deriving generated clocks [g:/VC707/top_enps/top_enps/top_enps.srcs/sources_1/ip/clk_wiz_0/clk_wiz_0.xdc:57]
get_clocks: Time (s): cpu = 00:00:19 ; elapsed = 00:00:29 . Memory (MB): peak = 3037.375 ; gain = 678.293
Finished Parsing XDC File [g:/VC707/top_enps/top_enps/top_enps.srcs/sources_1/ip/clk_wiz_0/clk_wiz_0.xdc] for cell 'clk_wiz_0_i/inst'
Parsing XDC File [G:/VC707/top_enps/top_enps/top_enps.srcs/constrs_1/new/top_enps_pinplan.xdc]
Finished Parsing XDC File [G:/VC707/top_enps/top_enps/top_enps.srcs/constrs_1/new/top_enps_pinplan.xdc]
INFO: [Opt 31-138] Pushed 0 inverter(s) to 0 load pin(s).
Netlist sorting complete. Time (s): cpu = 00:00:00 ; elapsed = 00:00:00 . Memory (MB): peak = 3037.438 ; gain = 0.000
INFO: [Project 1-111] Unisim Transformation Summary:
No Unisim elements were transformed.

open_run: Time (s): cpu = 00:01:00 ; elapsed = 00:01:14 . Memory (MB): peak = 3145.504 ; gain = 1092.789
INFO: [Labtoolstcl 44-466] Opening hw_target localhost:3121/xilinx_tcf/Digilent/210249A14E25
INFO: [Labtools 27-1435] Device xc7vx485t (JTAG device index = 0) is not programmed (DONE status = 0).
WARNING: [Labtoolstcl 44-129] No matching hw_ila_data was found.
reset_run synth_1
launch_runs impl_1 -to_step write_bitstream -jobs 4
WARNING: [Project 1-478] Design 'synth_1' is stale and will not be used when launching 'impl_1'
[Tue Apr 12 14:58:24 2022] Launched synth_1...
Run output will be captured here: G:/VC707/top_enps/top_enps/top_enps.runs/synth_1/runme.log
[Tue Apr 12 14:58:24 2022] Launched impl_1...
Run output will be captured here: G:/VC707/top_enps/top_enps/top_enps.runs/impl_1/runme.log
set_property PROBES.FILE {} [get_hw_devices xc7vx485t_0]
set_property FULL_PROBES.FILE {} [get_hw_devices xc7vx485t_0]
set_property PROGRAM.FILE {G:/VC707/top_enps/top_enps/top_enps.runs/impl_1/top_enps.bit} [get_hw_devices xc7vx485t_0]
program_hw_devices [get_hw_devices xc7vx485t_0]
INFO: [Labtools 27-3164] End of startup status: HIGH
program_hw_devices: Time (s): cpu = 00:00:17 ; elapsed = 00:00:17 . Memory (MB): peak = 3199.465 ; gain = 0.000
refresh_hw_device [lindex [get_hw_devices xc7vx485t_0] 0]
INFO: [Labtools 27-1434] Device xc7vx485t (JTAG device index = 0) is programmed with a design that has no supported debug core(s) in it.
write_cfgmem  -format mcs -size 128 -interface BPIx16 -loadbit {up 0x00000000 "G:/VC707/top_enps/top_enps/top_enps.runs/impl_1/top_enps.bit" } -file "G:/VC707/top_enps/top_enps/top_enps.runs/impl_1/top_enps_finish_flash"
Command: write_cfgmem -format mcs -size 128 -interface BPIx16 -loadbit {up 0x00000000 "G:/VC707/top_enps/top_enps/top_enps.runs/impl_1/top_enps.bit" } -file G:/VC707/top_enps/top_enps/top_enps.runs/impl_1/top_enps_finish_flash
Creating config memory files...
INFO: [Writecfgmem 68-23] Start address provided has been multiplied by a factor of 2 due to the use of interface BPIX16.
Creating bitstream load up from address 0x00000000
Loading bitfile G:/VC707/top_enps/top_enps/top_enps.runs/impl_1/top_enps.bit
Writing file G:/VC707/top_enps/top_enps/top_enps.runs/impl_1/top_enps_finish_flash.mcs
Writing log file G:/VC707/top_enps/top_enps/top_enps.runs/impl_1/top_enps_finish_flash.prm
===================================
Configuration Memory information
===================================
File Format        MCS
Interface          BPIX16
Size               128M
Start Address      0x00000000
End Address        0x07FFFFFF

Addr1         Addr2         Date                    File(s)
0x00000000    0x0135591B    Apr 12 15:02:46 2022    G:/VC707/top_enps/top_enps/top_enps.runs/impl_1/top_enps.bit
1 Infos, 0 Warnings, 0 Critical Warnings and 0 Errors encountered.
write_cfgmem completed successfully
write_cfgmem: Time (s): cpu = 00:00:18 ; elapsed = 00:00:18 . Memory (MB): peak = 3343.145 ; gain = 143.680
set_property PROGRAM.ADDRESS_RANGE  {use_file} [ get_property PROGRAM.HW_CFGMEM [lindex [get_hw_devices xc7vx485t_0] 0]]
set_property PROGRAM.FILES [list "G:/VC707/top_enps/top_enps/top_enps.runs/impl_1/top_enps_finish_flash.mcs" ] [ get_property PROGRAM.HW_CFGMEM [lindex [get_hw_devices xc7vx485t_0] 0]]
set_property PROGRAM.BPI_RS_PINS {none} [ get_property PROGRAM.HW_CFGMEM [lindex [get_hw_devices xc7vx485t_0] 0]]
set_property PROGRAM.UNUSED_PIN_TERMINATION {pull-none} [ get_property PROGRAM.HW_CFGMEM [lindex [get_hw_devices xc7vx485t_0] 0]]
set_property PROGRAM.BLANK_CHECK  0 [ get_property PROGRAM.HW_CFGMEM [lindex [get_hw_devices xc7vx485t_0] 0]]
set_property PROGRAM.ERASE  1 [ get_property PROGRAM.HW_CFGMEM [lindex [get_hw_devices xc7vx485t_0] 0]]
set_property PROGRAM.CFG_PROGRAM  1 [ get_property PROGRAM.HW_CFGMEM [lindex [get_hw_devices xc7vx485t_0] 0]]
set_property PROGRAM.VERIFY  1 [ get_property PROGRAM.HW_CFGMEM [lindex [get_hw_devices xc7vx485t_0] 0]]
set_property PROGRAM.CHECKSUM  0 [ get_property PROGRAM.HW_CFGMEM [lindex [get_hw_devices xc7vx485t_0] 0]]
set_property PROGRAM.PRM_FILES [list "G:/VC707/top_enps/top_enps/top_enps.runs/impl_1/top_enps_finish_flash.prm" ] [ get_property PROGRAM.HW_CFGMEM [lindex [get_hw_devices xc7vx485t_0] 0]]
set_property PROGRAM.ADDRESS_RANGE  {use_file} [ get_property PROGRAM.HW_CFGMEM [lindex [get_hw_devices xc7vx485t_0] 0]]
set_property PROGRAM.FILES [list "G:/VC707/top_enps/top_enps/top_enps.runs/impl_1/top_enps_finish_flash.mcs" ] [ get_property PROGRAM.HW_CFGMEM [lindex [get_hw_devices xc7vx485t_0] 0]]
set_property PROGRAM.PRM_FILE {G:/VC707/top_enps/top_enps/top_enps.runs/impl_1/top_enps_finish_flash.prm} [ get_property PROGRAM.HW_CFGMEM [lindex [get_hw_devices xc7vx485t_0] 0]]
set_property PROGRAM.BPI_RS_PINS {none} [ get_property PROGRAM.HW_CFGMEM [lindex [get_hw_devices xc7vx485t_0] 0]]
set_property PROGRAM.UNUSED_PIN_TERMINATION {pull-none} [ get_property PROGRAM.HW_CFGMEM [lindex [get_hw_devices xc7vx485t_0] 0]]
set_property PROGRAM.BLANK_CHECK  0 [ get_property PROGRAM.HW_CFGMEM [lindex [get_hw_devices xc7vx485t_0] 0]]
set_property PROGRAM.ERASE  1 [ get_property PROGRAM.HW_CFGMEM [lindex [get_hw_devices xc7vx485t_0] 0]]
set_property PROGRAM.CFG_PROGRAM  1 [ get_property PROGRAM.HW_CFGMEM [lindex [get_hw_devices xc7vx485t_0] 0]]
set_property PROGRAM.VERIFY  1 [ get_property PROGRAM.HW_CFGMEM [lindex [get_hw_devices xc7vx485t_0] 0]]
set_property PROGRAM.CHECKSUM  0 [ get_property PROGRAM.HW_CFGMEM [lindex [get_hw_devices xc7vx485t_0] 0]]
startgroup 
create_hw_bitstream -hw_device [lindex [get_hw_devices xc7vx485t_0] 0] [get_property PROGRAM.HW_CFGMEM_BITFILE [ lindex [get_hw_devices xc7vx485t_0] 0]]; program_hw_devices [lindex [get_hw_devices xc7vx485t_0] 0]; refresh_hw_device [lindex [get_hw_devices xc7vx485t_0] 0];
INFO: [Labtools 27-3164] End of startup status: HIGH
INFO: [Labtools 27-2302] Device xc7vx485t (JTAG device index = 0) is programmed with a design that has 1 BPI core(s).
program_hw_cfgmem -hw_cfgmem [ get_property PROGRAM.HW_CFGMEM [lindex [get_hw_devices xc7vx485t_0] 0]]
Mfg ID : 89   Memory Type : 88b0   Memory Capacity : 0   Device ID 1 : 0   Device ID 2 : 0
Performing Erase Operation...
Erase Operation successful.
Performing Program and Verify Operations...
Program/Verify Operation successful.
INFO: [Labtoolstcl 44-377] Flash programming completed successfully
program_hw_cfgmem: Time (s): cpu = 00:00:08 ; elapsed = 00:03:38 . Memory (MB): peak = 3343.145 ; gain = 0.000
endgroup
ERROR: [Labtoolstcl 44-513] HW Target shutdown. Closing target: localhost:3121/xilinx_tcf/Digilent/210249A14E25
INFO: [Labtoolstcl 44-466] Opening hw_target localhost:3121/xilinx_tcf/Digilent/210249A14E25
INFO: [Labtools 27-1435] Device xc7vx485t (JTAG device index = 0) is not programmed (DONE status = 0).
WARNING: [Labtoolstcl 44-129] No matching hw_ila_data was found.
ERROR: [Labtoolstcl 44-513] HW Target shutdown. Closing target: localhost:3121/xilinx_tcf/Digilent/210249A14E25
INFO: [Labtoolstcl 44-466] Opening hw_target localhost:3121/xilinx_tcf/Digilent/210249A14E25
INFO: [Labtools 27-1435] Device xc7vx485t (JTAG device index = 0) is not programmed (DONE status = 0).
WARNING: [Labtoolstcl 44-129] No matching hw_ila_data was found.
reset_run synth_1
launch_runs impl_1 -to_step write_bitstream -jobs 4
WARNING: [Project 1-478] Design 'synth_1' is stale and will not be used when launching 'impl_1'
[Tue Apr 12 15:20:25 2022] Launched synth_1...
Run output will be captured here: G:/VC707/top_enps/top_enps/top_enps.runs/synth_1/runme.log
[Tue Apr 12 15:20:25 2022] Launched impl_1...
Run output will be captured here: G:/VC707/top_enps/top_enps/top_enps.runs/impl_1/runme.log
write_cfgmem  -format mcs -size 128 -interface BPIx16 -loadbit {up 0x00000000 "G:/VC707/top_enps/top_enps/top_enps.runs/impl_1/top_enps.bit" } -file "G:/VC707/top_enps/top_enps/top_enps.runs/impl_1/top_enps_finish_flash1"
Command: write_cfgmem -format mcs -size 128 -interface BPIx16 -loadbit {up 0x00000000 "G:/VC707/top_enps/top_enps/top_enps.runs/impl_1/top_enps.bit" } -file G:/VC707/top_enps/top_enps/top_enps.runs/impl_1/top_enps_finish_flash1
Creating config memory files...
INFO: [Writecfgmem 68-23] Start address provided has been multiplied by a factor of 2 due to the use of interface BPIX16.
Creating bitstream load up from address 0x00000000
Loading bitfile G:/VC707/top_enps/top_enps/top_enps.runs/impl_1/top_enps.bit
Writing file G:/VC707/top_enps/top_enps/top_enps.runs/impl_1/top_enps_finish_flash1.mcs
Writing log file G:/VC707/top_enps/top_enps/top_enps.runs/impl_1/top_enps_finish_flash1.prm
===================================
Configuration Memory information
===================================
File Format        MCS
Interface          BPIX16
Size               128M
Start Address      0x00000000
End Address        0x07FFFFFF

Addr1         Addr2         Date                    File(s)
0x00000000    0x0135591B    Apr 12 15:24:45 2022    G:/VC707/top_enps/top_enps/top_enps.runs/impl_1/top_enps.bit
1 Infos, 0 Warnings, 0 Critical Warnings and 0 Errors encountered.
write_cfgmem completed successfully
write_cfgmem: Time (s): cpu = 00:00:16 ; elapsed = 00:00:17 . Memory (MB): peak = 3353.219 ; gain = 10.074
set_property PROGRAM.ADDRESS_RANGE  {use_file} [ get_property PROGRAM.HW_CFGMEM [lindex [get_hw_devices xc7vx485t_0] 0]]
set_property PROGRAM.FILES [list "G:/VC707/top_enps/top_enps/top_enps.runs/impl_1/top_enps_finish_flash1.mcs" ] [ get_property PROGRAM.HW_CFGMEM [lindex [get_hw_devices xc7vx485t_0] 0]]
set_property PROGRAM.BPI_RS_PINS {none} [ get_property PROGRAM.HW_CFGMEM [lindex [get_hw_devices xc7vx485t_0] 0]]
set_property PROGRAM.UNUSED_PIN_TERMINATION {pull-none} [ get_property PROGRAM.HW_CFGMEM [lindex [get_hw_devices xc7vx485t_0] 0]]
set_property PROGRAM.BLANK_CHECK  0 [ get_property PROGRAM.HW_CFGMEM [lindex [get_hw_devices xc7vx485t_0] 0]]
set_property PROGRAM.ERASE  1 [ get_property PROGRAM.HW_CFGMEM [lindex [get_hw_devices xc7vx485t_0] 0]]
set_property PROGRAM.CFG_PROGRAM  1 [ get_property PROGRAM.HW_CFGMEM [lindex [get_hw_devices xc7vx485t_0] 0]]
set_property PROGRAM.VERIFY  1 [ get_property PROGRAM.HW_CFGMEM [lindex [get_hw_devices xc7vx485t_0] 0]]
set_property PROGRAM.CHECKSUM  0 [ get_property PROGRAM.HW_CFGMEM [lindex [get_hw_devices xc7vx485t_0] 0]]
set_property PROGRAM.PRM_FILES [list "G:/VC707/top_enps/top_enps/top_enps.runs/impl_1/top_enps_finish_flash1.prm" ] [ get_property PROGRAM.HW_CFGMEM [lindex [get_hw_devices xc7vx485t_0] 0]]
set_property PROGRAM.ADDRESS_RANGE  {use_file} [ get_property PROGRAM.HW_CFGMEM [lindex [get_hw_devices xc7vx485t_0] 0]]
set_property PROGRAM.FILES [list "G:/VC707/top_enps/top_enps/top_enps.runs/impl_1/top_enps_finish_flash1.mcs" ] [ get_property PROGRAM.HW_CFGMEM [lindex [get_hw_devices xc7vx485t_0] 0]]
set_property PROGRAM.PRM_FILE {G:/VC707/top_enps/top_enps/top_enps.runs/impl_1/top_enps_finish_flash1.prm} [ get_property PROGRAM.HW_CFGMEM [lindex [get_hw_devices xc7vx485t_0] 0]]
set_property PROGRAM.BPI_RS_PINS {none} [ get_property PROGRAM.HW_CFGMEM [lindex [get_hw_devices xc7vx485t_0] 0]]
set_property PROGRAM.UNUSED_PIN_TERMINATION {pull-none} [ get_property PROGRAM.HW_CFGMEM [lindex [get_hw_devices xc7vx485t_0] 0]]
set_property PROGRAM.BLANK_CHECK  0 [ get_property PROGRAM.HW_CFGMEM [lindex [get_hw_devices xc7vx485t_0] 0]]
set_property PROGRAM.ERASE  1 [ get_property PROGRAM.HW_CFGMEM [lindex [get_hw_devices xc7vx485t_0] 0]]
set_property PROGRAM.CFG_PROGRAM  1 [ get_property PROGRAM.HW_CFGMEM [lindex [get_hw_devices xc7vx485t_0] 0]]
set_property PROGRAM.VERIFY  1 [ get_property PROGRAM.HW_CFGMEM [lindex [get_hw_devices xc7vx485t_0] 0]]
set_property PROGRAM.CHECKSUM  0 [ get_property PROGRAM.HW_CFGMEM [lindex [get_hw_devices xc7vx485t_0] 0]]
startgroup 
create_hw_bitstream -hw_device [lindex [get_hw_devices xc7vx485t_0] 0] [get_property PROGRAM.HW_CFGMEM_BITFILE [ lindex [get_hw_devices xc7vx485t_0] 0]]; program_hw_devices [lindex [get_hw_devices xc7vx485t_0] 0]; refresh_hw_device [lindex [get_hw_devices xc7vx485t_0] 0];
INFO: [Labtools 27-3164] End of startup status: HIGH
INFO: [Labtools 27-2302] Device xc7vx485t (JTAG device index = 0) is programmed with a design that has 1 BPI core(s).
program_hw_cfgmem -hw_cfgmem [ get_property PROGRAM.HW_CFGMEM [lindex [get_hw_devices xc7vx485t_0] 0]]
Mfg ID : 89   Memory Type : 88b0   Memory Capacity : 0   Device ID 1 : 0   Device ID 2 : 0
Performing Erase Operation...
Erase Operation successful.
Performing Program and Verify Operations...
Program/Verify Operation successful.
INFO: [Labtoolstcl 44-377] Flash programming completed successfully
program_hw_cfgmem: Time (s): cpu = 00:00:08 ; elapsed = 00:03:38 . Memory (MB): peak = 3353.219 ; gain = 0.000
endgroup
ERROR: [Labtoolstcl 44-513] HW Target shutdown. Closing target: localhost:3121/xilinx_tcf/Digilent/210249A14E25
INFO: [Labtoolstcl 44-466] Opening hw_target localhost:3121/xilinx_tcf/Digilent/210249A14E25
INFO: [Labtools 27-1435] Device xc7vx485t (JTAG device index = 0) is not programmed (DONE status = 0).
WARNING: [Labtoolstcl 44-129] No matching hw_ila_data was found.
reset_run synth_1
launch_runs impl_1 -to_step write_bitstream -jobs 4
WARNING: [Project 1-478] Design 'synth_1' is stale and will not be used when launching 'impl_1'
[Tue Apr 12 16:04:27 2022] Launched synth_1...
Run output will be captured here: G:/VC707/top_enps/top_enps/top_enps.runs/synth_1/runme.log
[Tue Apr 12 16:04:27 2022] Launched impl_1...
Run output will be captured here: G:/VC707/top_enps/top_enps/top_enps.runs/impl_1/runme.log
reset_run synth_1
launch_runs impl_1 -to_step write_bitstream -jobs 4
WARNING: [Project 1-478] Design 'synth_1' is stale and will not be used when launching 'impl_1'
[Tue Apr 12 16:23:50 2022] Launched synth_1...
Run output will be captured here: G:/VC707/top_enps/top_enps/top_enps.runs/synth_1/runme.log
[Tue Apr 12 16:23:50 2022] Launched impl_1...
Run output will be captured here: G:/VC707/top_enps/top_enps/top_enps.runs/impl_1/runme.log
set_property PROBES.FILE {} [get_hw_devices xc7vx485t_0]
set_property FULL_PROBES.FILE {} [get_hw_devices xc7vx485t_0]
set_property PROGRAM.FILE {G:/VC707/top_enps/top_enps/top_enps.runs/impl_1/top_enps.bit} [get_hw_devices xc7vx485t_0]
program_hw_devices [get_hw_devices xc7vx485t_0]
INFO: [Labtools 27-3164] End of startup status: HIGH
program_hw_devices: Time (s): cpu = 00:00:17 ; elapsed = 00:00:17 . Memory (MB): peak = 3726.098 ; gain = 0.000
refresh_hw_device [lindex [get_hw_devices xc7vx485t_0] 0]
INFO: [Labtools 27-1434] Device xc7vx485t (JTAG device index = 0) is programmed with a design that has no supported debug core(s) in it.
reset_run synth_1
launch_runs impl_1 -to_step write_bitstream -jobs 4
WARNING: [Project 1-478] Design 'synth_1' is stale and will not be used when launching 'impl_1'
[Tue Apr 12 16:59:04 2022] Launched synth_1...
Run output will be captured here: G:/VC707/top_enps/top_enps/top_enps.runs/synth_1/runme.log
[Tue Apr 12 16:59:04 2022] Launched impl_1...
Run output will be captured here: G:/VC707/top_enps/top_enps/top_enps.runs/impl_1/runme.log
set_property PROBES.FILE {} [get_hw_devices xc7vx485t_0]
set_property FULL_PROBES.FILE {} [get_hw_devices xc7vx485t_0]
set_property PROGRAM.FILE {G:/VC707/top_enps/top_enps/top_enps.runs/impl_1/top_enps.bit} [get_hw_devices xc7vx485t_0]
program_hw_devices [get_hw_devices xc7vx485t_0]
INFO: [Labtools 27-3164] End of startup status: HIGH
program_hw_devices: Time (s): cpu = 00:00:17 ; elapsed = 00:00:17 . Memory (MB): peak = 3726.098 ; gain = 0.000
refresh_hw_device [lindex [get_hw_devices xc7vx485t_0] 0]
INFO: [Labtools 27-1434] Device xc7vx485t (JTAG device index = 0) is programmed with a design that has no supported debug core(s) in it.
set_property PROBES.FILE {} [get_hw_devices xc7vx485t_0]
set_property FULL_PROBES.FILE {} [get_hw_devices xc7vx485t_0]
set_property PROGRAM.FILE {G:/VC707/top_enps/top_enps/top_enps.runs/impl_1/top_enps.bit} [get_hw_devices xc7vx485t_0]
program_hw_devices [get_hw_devices xc7vx485t_0]
INFO: [Labtools 27-3164] End of startup status: HIGH
program_hw_devices: Time (s): cpu = 00:00:17 ; elapsed = 00:00:17 . Memory (MB): peak = 3726.098 ; gain = 0.000
refresh_hw_device [lindex [get_hw_devices xc7vx485t_0] 0]
INFO: [Labtools 27-1434] Device xc7vx485t (JTAG device index = 0) is programmed with a design that has no supported debug core(s) in it.
reset_run synth_1
launch_runs impl_1 -to_step write_bitstream -jobs 4
WARNING: [Project 1-478] Design 'synth_1' is stale and will not be used when launching 'impl_1'
[Tue Apr 12 17:16:15 2022] Launched synth_1...
Run output will be captured here: G:/VC707/top_enps/top_enps/top_enps.runs/synth_1/runme.log
[Tue Apr 12 17:16:15 2022] Launched impl_1...
Run output will be captured here: G:/VC707/top_enps/top_enps/top_enps.runs/impl_1/runme.log
set_property PROBES.FILE {} [get_hw_devices xc7vx485t_0]
set_property FULL_PROBES.FILE {} [get_hw_devices xc7vx485t_0]
set_property PROGRAM.FILE {G:/VC707/top_enps/top_enps/top_enps.runs/impl_1/top_enps.bit} [get_hw_devices xc7vx485t_0]
program_hw_devices [get_hw_devices xc7vx485t_0]
INFO: [Labtools 27-3164] End of startup status: HIGH
program_hw_devices: Time (s): cpu = 00:00:17 ; elapsed = 00:00:17 . Memory (MB): peak = 3726.098 ; gain = 0.000
refresh_hw_device [lindex [get_hw_devices xc7vx485t_0] 0]
INFO: [Labtools 27-1434] Device xc7vx485t (JTAG device index = 0) is programmed with a design that has no supported debug core(s) in it.
write_schematic -format pdf -orientation portrait G:/VC707/top_enps/top_enps/top_enps.runs/impl_1/schematic.pdf
G:/VC707/top_enps/top_enps/top_enps.runs/impl_1/schematic.pdf
write_cfgmem  -format mcs -size 128 -interface BPIx16 -loadbit {up 0x00000000 "G:/VC707/top_enps/top_enps/top_enps.runs/impl_1/top_enps.bit" } -file "G:/VC707/top_enps/top_enps/top_enps.runs/impl_1/top_enps_last"
Command: write_cfgmem -format mcs -size 128 -interface BPIx16 -loadbit {up 0x00000000 "G:/VC707/top_enps/top_enps/top_enps.runs/impl_1/top_enps.bit" } -file G:/VC707/top_enps/top_enps/top_enps.runs/impl_1/top_enps_last
Creating config memory files...
INFO: [Writecfgmem 68-23] Start address provided has been multiplied by a factor of 2 due to the use of interface BPIX16.
Creating bitstream load up from address 0x00000000
Loading bitfile G:/VC707/top_enps/top_enps/top_enps.runs/impl_1/top_enps.bit
Writing file G:/VC707/top_enps/top_enps/top_enps.runs/impl_1/top_enps_last.mcs
Writing log file G:/VC707/top_enps/top_enps/top_enps.runs/impl_1/top_enps_last.prm
===================================
Configuration Memory information
===================================
File Format        MCS
Interface          BPIX16
Size               128M
Start Address      0x00000000
End Address        0x07FFFFFF

Addr1         Addr2         Date                    File(s)
0x00000000    0x0135591B    Apr 12 17:20:28 2022    G:/VC707/top_enps/top_enps/top_enps.runs/impl_1/top_enps.bit
1 Infos, 0 Warnings, 0 Critical Warnings and 0 Errors encountered.
write_cfgmem completed successfully
write_cfgmem: Time (s): cpu = 00:00:17 ; elapsed = 00:00:17 . Memory (MB): peak = 3858.145 ; gain = 68.973
set_property PROGRAM.ADDRESS_RANGE  {use_file} [ get_property PROGRAM.HW_CFGMEM [lindex [get_hw_devices xc7vx485t_0] 0]]
set_property PROGRAM.FILES [list "G:/VC707/top_enps/top_enps/top_enps.runs/impl_1/top_enps_last.mcs" ] [ get_property PROGRAM.HW_CFGMEM [lindex [get_hw_devices xc7vx485t_0] 0]]
set_property PROGRAM.BPI_RS_PINS {none} [ get_property PROGRAM.HW_CFGMEM [lindex [get_hw_devices xc7vx485t_0] 0]]
set_property PROGRAM.UNUSED_PIN_TERMINATION {pull-none} [ get_property PROGRAM.HW_CFGMEM [lindex [get_hw_devices xc7vx485t_0] 0]]
set_property PROGRAM.BLANK_CHECK  0 [ get_property PROGRAM.HW_CFGMEM [lindex [get_hw_devices xc7vx485t_0] 0]]
set_property PROGRAM.ERASE  1 [ get_property PROGRAM.HW_CFGMEM [lindex [get_hw_devices xc7vx485t_0] 0]]
set_property PROGRAM.CFG_PROGRAM  1 [ get_property PROGRAM.HW_CFGMEM [lindex [get_hw_devices xc7vx485t_0] 0]]
set_property PROGRAM.VERIFY  1 [ get_property PROGRAM.HW_CFGMEM [lindex [get_hw_devices xc7vx485t_0] 0]]
set_property PROGRAM.CHECKSUM  0 [ get_property PROGRAM.HW_CFGMEM [lindex [get_hw_devices xc7vx485t_0] 0]]
set_property PROGRAM.PRM_FILES [list "G:/VC707/top_enps/top_enps/top_enps.runs/impl_1/top_enps_last.prm" ] [ get_property PROGRAM.HW_CFGMEM [lindex [get_hw_devices xc7vx485t_0] 0]]
set_property PROGRAM.ADDRESS_RANGE  {use_file} [ get_property PROGRAM.HW_CFGMEM [lindex [get_hw_devices xc7vx485t_0] 0]]
set_property PROGRAM.FILES [list "G:/VC707/top_enps/top_enps/top_enps.runs/impl_1/top_enps_last.mcs" ] [ get_property PROGRAM.HW_CFGMEM [lindex [get_hw_devices xc7vx485t_0] 0]]
set_property PROGRAM.PRM_FILE {G:/VC707/top_enps/top_enps/top_enps.runs/impl_1/top_enps_last.prm} [ get_property PROGRAM.HW_CFGMEM [lindex [get_hw_devices xc7vx485t_0] 0]]
set_property PROGRAM.BPI_RS_PINS {none} [ get_property PROGRAM.HW_CFGMEM [lindex [get_hw_devices xc7vx485t_0] 0]]
set_property PROGRAM.UNUSED_PIN_TERMINATION {pull-none} [ get_property PROGRAM.HW_CFGMEM [lindex [get_hw_devices xc7vx485t_0] 0]]
set_property PROGRAM.BLANK_CHECK  0 [ get_property PROGRAM.HW_CFGMEM [lindex [get_hw_devices xc7vx485t_0] 0]]
set_property PROGRAM.ERASE  1 [ get_property PROGRAM.HW_CFGMEM [lindex [get_hw_devices xc7vx485t_0] 0]]
set_property PROGRAM.CFG_PROGRAM  1 [ get_property PROGRAM.HW_CFGMEM [lindex [get_hw_devices xc7vx485t_0] 0]]
set_property PROGRAM.VERIFY  1 [ get_property PROGRAM.HW_CFGMEM [lindex [get_hw_devices xc7vx485t_0] 0]]
set_property PROGRAM.CHECKSUM  0 [ get_property PROGRAM.HW_CFGMEM [lindex [get_hw_devices xc7vx485t_0] 0]]
startgroup 
create_hw_bitstream -hw_device [lindex [get_hw_devices xc7vx485t_0] 0] [get_property PROGRAM.HW_CFGMEM_BITFILE [ lindex [get_hw_devices xc7vx485t_0] 0]]; program_hw_devices [lindex [get_hw_devices xc7vx485t_0] 0]; refresh_hw_device [lindex [get_hw_devices xc7vx485t_0] 0];
INFO: [Labtools 27-3164] End of startup status: HIGH
INFO: [Labtools 27-2302] Device xc7vx485t (JTAG device index = 0) is programmed with a design that has 1 BPI core(s).
program_hw_cfgmem -hw_cfgmem [ get_property PROGRAM.HW_CFGMEM [lindex [get_hw_devices xc7vx485t_0] 0]]
Mfg ID : 89   Memory Type : 88b0   Memory Capacity : 0   Device ID 1 : 0   Device ID 2 : 0
Performing Erase Operation...
Erase Operation successful.
Performing Program and Verify Operations...
Program/Verify Operation successful.
INFO: [Labtoolstcl 44-377] Flash programming completed successfully
program_hw_cfgmem: Time (s): cpu = 00:00:18 ; elapsed = 00:03:39 . Memory (MB): peak = 3897.176 ; gain = 39.031
endgroup
exit
INFO: [Common 17-206] Exiting Vivado at Tue Apr 12 17:31:42 2022...
