Copyright 1986-2018 Xilinx, Inc. All Rights Reserved.
--------------------------------------------------------------------------------------------------------------------------------------------------------------
| Tool Version : Vivado v.2018.3 (win64) Build 2405991 Thu Dec  6 23:38:27 MST 2018
| Date         : Tue Apr 12 20:48:14 2022
| Host         : DESKTOP-A9E5TQ0 running 64-bit major release  (build 9200)
| Command      : report_methodology -file top_enps_methodology_drc_routed.rpt -pb top_enps_methodology_drc_routed.pb -rpx top_enps_methodology_drc_routed.rpx
| Design       : top_enps
| Device       : xc7vx485tffg1761-2
| Speed File   : -2
| Design State : Fully Routed
--------------------------------------------------------------------------------------------------------------------------------------------------------------

Report Methodology

Table of Contents
-----------------
1. REPORT SUMMARY
2. REPORT DETAILS

1. REPORT SUMMARY
-----------------
            Netlist: netlist
          Floorplan: design_1
      Design limits: <entire design considered>
             Max violations: <unlimited>
             Violations found: 13
+-----------+----------+----------------------------------+------------+
| Rule      | Severity | Description                      | Violations |
+-----------+----------+----------------------------------+------------+
| TIMING-2  | Warning  | Invalid primary clock source pin | 1          |
| TIMING-18 | Warning  | Missing input or output delay    | 12         |
+-----------+----------+----------------------------------+------------+

2. REPORT DETAILS
-----------------
TIMING-2#1 Warning
Invalid primary clock source pin  
A primary clock clk_wiz_0_i/inst/clk_in1 is created on an inappropriate pin clk_wiz_0_i/inst/clk_in1. It is recommended to create a primary clock only on a proper clock source (input port or primitive output pin with no timing arc)
Related violations: <none>

TIMING-18#1 Warning
Missing input or output delay  
An input delay is missing on key_launch relative to clock(s) clk_wiz_0_i/inst/clk_in1
Related violations: <none>

TIMING-18#2 Warning
Missing input or output delay  
An input delay is missing on sys_rst_n relative to clock(s) clk_wiz_0_i/inst/clk_in1
Related violations: <none>

TIMING-18#3 Warning
Missing input or output delay  
An input delay is missing on uart_rx relative to clock(s) clk_wiz_0_i/inst/clk_in1
Related violations: <none>

TIMING-18#4 Warning
Missing input or output delay  
An output delay is missing on led[0] relative to clock(s) clk_wiz_0_i/inst/clk_in1
Related violations: <none>

TIMING-18#5 Warning
Missing input or output delay  
An output delay is missing on led[1] relative to clock(s) clk_wiz_0_i/inst/clk_in1
Related violations: <none>

TIMING-18#6 Warning
Missing input or output delay  
An output delay is missing on led[2] relative to clock(s) clk_wiz_0_i/inst/clk_in1
Related violations: <none>

TIMING-18#7 Warning
Missing input or output delay  
An output delay is missing on led[3] relative to clock(s) clk_wiz_0_i/inst/clk_in1
Related violations: <none>

TIMING-18#8 Warning
Missing input or output delay  
An output delay is missing on led[4] relative to clock(s) clk_wiz_0_i/inst/clk_in1
Related violations: <none>

TIMING-18#9 Warning
Missing input or output delay  
An output delay is missing on led[5] relative to clock(s) clk_wiz_0_i/inst/clk_in1
Related violations: <none>

TIMING-18#10 Warning
Missing input or output delay  
An output delay is missing on led[6] relative to clock(s) clk_wiz_0_i/inst/clk_in1
Related violations: <none>

TIMING-18#11 Warning
Missing input or output delay  
An output delay is missing on led[7] relative to clock(s) clk_wiz_0_i/inst/clk_in1
Related violations: <none>

TIMING-18#12 Warning
Missing input or output delay  
An output delay is missing on uart_tx relative to clock(s) clk_wiz_0_i/inst/clk_in1
Related violations: <none>


